<?xml version="1.0" encoding="UTF-8"?>
<testsuites name="Mocha Tests" time="0.005" tests="1" failures="0">
  <testsuite name="Root Suite" timestamp="2024-04-12T20:05:16" tests="0" time="0.000" failures="0">
  </testsuite>
  <testsuite name="Hello Tests" timestamp="2024-04-12T20:05:16" tests="1" file="/home/andreav/docker/gitlab/testproject/tests/hello.spec.ts" time="0.003" failures="0">
    <testcase name="Hello Tests proj:testgroup/testproject id:1 Testing Hello Endriu" time="0.001" classname="proj:testgroup/testproject id:1 Testing Hello Endriu">
    </testcase>
  </testsuite>
</testsuites>